proguard_logs/seeds.txt
com.galeapp.backgrounds.R$anim: int umeng_share_popup_enter
com.galeapp.backgrounds.R$anim: int umeng_share_popup_exit
com.galeapp.backgrounds.R$anim: int umeng_socialize_fade_in
com.galeapp.backgrounds.R$anim: int umeng_socialize_fade_out
com.galeapp.backgrounds.R$anim: int umeng_socialize_slide_in_from_bottom
com.galeapp.backgrounds.R$anim: int umeng_socialize_slide_out_from_bottom
com.galeapp.backgrounds.R$array: int UMageList
com.galeapp.backgrounds.R$array: int UMgenderList
com.galeapp.backgrounds.R$array: int change_time
com.galeapp.backgrounds.R$array: int change_time_value
com.galeapp.backgrounds.R$array: int mywallpaper_opt
com.galeapp.backgrounds.R$array: int price_score
com.galeapp.backgrounds.R$array: int rank_names
com.galeapp.backgrounds.R$attr: int backgroundColor
com.galeapp.backgrounds.R$attr: int backgroundTransparent
com.galeapp.backgrounds.R$attr: int textColor
com.galeapp.backgrounds.R$color: int category_container_bg
com.galeapp.backgrounds.R$color: int container_bg
com.galeapp.backgrounds.R$color: int item_bg
com.galeapp.backgrounds.R$color: int item_child_bg
com.galeapp.backgrounds.R$color: int item_child_selected_bg
com.galeapp.backgrounds.R$color: int item_selected_bg
com.galeapp.backgrounds.R$color: int result_view_line
com.galeapp.backgrounds.R$color: int sub_title
com.galeapp.backgrounds.R$color: int sub_title_n
com.galeapp.backgrounds.R$color: int umeng_socialize_color_group
com.galeapp.backgrounds.R$color: int umeng_socialize_comments_bg
com.galeapp.backgrounds.R$dimen: int alphabet_size
com.galeapp.backgrounds.R$dimen: int tab_icon
com.galeapp.backgrounds.R$dimen: int tab_size
com.galeapp.backgrounds.R$dimen: int umeng_socialize_pad_window_height
com.galeapp.backgrounds.R$dimen: int umeng_socialize_pad_window_width
com.galeapp.backgrounds.R$drawable: int arrow_left
com.galeapp.backgrounds.R$drawable: int arrow_right
com.galeapp.backgrounds.R$drawable: int black_bg
com.galeapp.backgrounds.R$drawable: int bullet_orange
com.galeapp.backgrounds.R$drawable: int button
com.galeapp.backgrounds.R$drawable: int button_n
com.galeapp.backgrounds.R$drawable: int button_p
com.galeapp.backgrounds.R$drawable: int buy_no_icon_normal
com.galeapp.backgrounds.R$drawable: int buy_no_icon_selected
com.galeapp.backgrounds.R$drawable: int buy_tab_bg
com.galeapp.backgrounds.R$drawable: int buy_yes_icon_normal
com.galeapp.backgrounds.R$drawable: int buy_yes_icon_selected
com.galeapp.backgrounds.R$drawable: int category
com.galeapp.backgrounds.R$drawable: int category_bg
com.galeapp.backgrounds.R$drawable: int cb_checked
com.galeapp.backgrounds.R$drawable: int cb_selector
com.galeapp.backgrounds.R$drawable: int cb_unchecked
com.galeapp.backgrounds.R$drawable: int cl_10
com.galeapp.backgrounds.R$drawable: int cl_11
com.galeapp.backgrounds.R$drawable: int cl_12
com.galeapp.backgrounds.R$drawable: int cl_13
com.galeapp.backgrounds.R$drawable: int cl_14
com.galeapp.backgrounds.R$drawable: int cl_16
com.galeapp.backgrounds.R$drawable: int cl_21
com.galeapp.backgrounds.R$drawable: int cl_22
com.galeapp.backgrounds.R$drawable: int cl_3
com.galeapp.backgrounds.R$drawable: int cl_4
com.galeapp.backgrounds.R$drawable: int cl_45
com.galeapp.backgrounds.R$drawable: int cl_46
com.galeapp.backgrounds.R$drawable: int cl_49
...
net.youmi.android.c.h.g
net.youmi.android.c.h.g: java.lang.String a
net.youmi.android.c.h.g: java.lang.String a()
net.youmi.android.c.h.g: org.apache.http.params.HttpParams a(android.content.Context)
net.youmi.android.c.h.g: org.apache.http.impl.client.DefaultHttpClient b(android.content.Context)
net.youmi.android.c.h.g: org.apache.http.impl.client.DefaultHttpClient a(android.content.Context,net.youmi.android.c.h.a)
net.youmi.android.c.h.g: boolean a(java.lang.String,java.lang.String)
net.youmi.android.c.h.g: long a(android.content.Context,java.lang.String)
net.youmi.android.c.h.h
net.youmi.android.c.h.h: h()
net.youmi.android.c.h.h: void a(java.lang.String)
net.youmi.android.c.h.i
net.youmi.android.c.h.i: net.youmi.android.c.h.a a
net.youmi.android.c.h.i: i(net.youmi.android.c.h.a)
net.youmi.android.c.h.i: boolean isRedirectRequested(org.apache.http.HttpResponse,org.apache.http.protocol.HttpContext)
net.youmi.android.c.h.i: java.net.URI getLocationURI(org.apache.http.HttpResponse,org.apache.http.protocol.HttpContext)
net.youmi.android.c.h.j
net.youmi.android.c.h.j: boolean a(android.content.Context)
net.youmi.android.c.h.j: boolean b(android.content.Context)
net.youmi.android.c.i.a
net.youmi.android.c.i.a: byte[] a
net.youmi.android.c.i.a: a(java.lang.String,java.lang.String)
net.youmi.android.c.i.a: android.graphics.drawable.NinePatchDrawable a(android.content.Context)
net.youmi.android.c.i.b
net.youmi.android.c.i.b: android.graphics.Bitmap b
net.youmi.android.c.i.b: b(java.lang.String)
net.youmi.android.c.j.a
net.youmi.android.c.j.a: net.youmi.android.c.j.a a
net.youmi.android.c.j.a: android.os.Handler b
net.youmi.android.c.j.a: net.youmi.android.c.j.a a()
net.youmi.android.c.j.a: a()
net.youmi.android.c.j.a: boolean b()
net.youmi.android.c.j.a: boolean a(java.lang.Runnable)
net.youmi.android.c.k.a
net.youmi.android.c.k.a: java.lang.String a
net.youmi.android.c.k.a: java.lang.String b
net.youmi.android.c.k.a: int c
net.youmi.android.c.k.a: a(java.lang.String,int,java.lang.String)
net.youmi.android.c.k.a: java.lang.String a()
net.youmi.android.c.k.a: java.lang.String b()
net.youmi.android.c.k.a: int c()
net.youmi.android.c.k.b
net.youmi.android.c.k.b: boolean a(android.content.Context,java.lang.Class)
net.youmi.android.c.k.b: boolean a(android.content.Context,java.lang.String)
net.youmi.android.c.k.b: android.content.pm.ActivityInfo b(android.content.Context,java.lang.String)
net.youmi.android.c.k.b: boolean b(android.content.Context,java.lang.Class)
net.youmi.android.c.k.b: boolean c(android.content.Context,java.lang.String)
net.youmi.android.c.k.b: android.content.pm.ServiceInfo d(android.content.Context,java.lang.String)
net.youmi.android.c.k.b: boolean c(android.content.Context,java.lang.Class)
net.youmi.android.c.k.b: boolean e(android.content.Context,java.lang.String)
net.youmi.android.c.k.b: android.content.pm.ActivityInfo f(android.content.Context,java.lang.String)
net.youmi.android.c.k.c
net.youmi.android.c.k.c: long a()
net.youmi.android.c.k.c: long a(android.content.Context)
net.youmi.android.c.k.d
net.youmi.android.c.k.d: boolean a
net.youmi.android.c.k.d: int b
net.youmi.android.c.k.d: int c
net.youmi.android.c.k.d: float d
net.youmi.android.c.k.d: int e
net.youmi.android.c.k.d: int f
net.youmi.android.c.k.d: int g
net.youmi.android.c.k.d: int h
net.youmi.android.c.k.d: boolean a()
net.youmi.android.c.k.d: int b()
net.youmi.android.c.k.d: int c()
net.youmi.android.c.k.d: int d()
net.youmi.android.c.k.d: int e()
net.youmi.android.c.k.d: float f()
net.youmi.android.c.k.d: net.youmi.android.c.k.d a(android.content.Context)
net.youmi.android.c.k.d: net.youmi.android.c.k.d b(android.content.Context)
net.youmi.android.c.k.d: d(android.util.DisplayMetrics,android.util.DisplayMetrics)
net.youmi.android.c.k.d: int g()
net.youmi.android.c.k.d: int h()
net.youmi.android.c.k.d: int a(int)
net.youmi.android.c.k.d: float a(float)
net.youmi.android.c.k.e
net.youmi.android.c.k.e: boolean a(java.io.File,java.lang.String)