proguard_logs/mapping.txt
com.galeapp.backgrounds.R -> com.galeapp.backgrounds.a:
com.galeapp.backgrounds.R$drawable -> com.galeapp.backgrounds.b:
    int arrow_left -> arrow_left
    int arrow_right -> arrow_right
    int black_bg -> black_bg
    int bullet_orange -> bullet_orange
    int button -> button
    int button_n -> button_n
    int button_p -> button_p
    int buy_no_icon_normal -> buy_no_icon_normal
    int buy_no_icon_selected -> buy_no_icon_selected
    int buy_tab_bg -> buy_tab_bg
    int buy_yes_icon_normal -> buy_yes_icon_normal
    int buy_yes_icon_selected -> buy_yes_icon_selected
    int category -> category
    int category_bg -> category_bg
    int cb_checked -> cb_checked
    int cb_selector -> cb_selector
    int cb_unchecked -> cb_unchecked
    int cl_10 -> cl_10
    int cl_11 -> cl_11
    int cl_12 -> cl_12
    int cl_13 -> cl_13
    int cl_14 -> cl_14
    int cl_16 -> cl_16
    int cl_21 -> cl_21
    int cl_22 -> cl_22
    int cl_3 -> cl_3
    int cl_4 -> cl_4
    int cl_45 -> cl_45
    int cl_46 -> cl_46
    int cl_49 -> cl_49
    int cl_5 -> cl_5
    int cl_6 -> cl_6
    int cl_61 -> cl_61
    int cl_63 -> cl_63
    int cl_64 -> cl_64
    int cl_65 -> cl_65
    int cl_66 -> cl_66
    int cl_67 -> cl_67
    int cl_7 -> cl_7
    int cl_8 -> cl_8
    int cl_9 -> cl_9
    int cl_default -> cl_default
    int classification_list -> classification_list
    int classification_list_selected -> classification_list_selected
    int classification_list_selector -> classification_list_selector
    int favorite -> favorite
com.galeapp.backgrounds.activity.CategoryActivity -> com.galeapp.backgrounds.activity.CategoryActivity:
    int state -> a
    int connectState -> b
    java.lang.String categoryJsonStr -> c
    java.lang.String subCategoryJsonStr -> d
    android.widget.ListView listView -> q
    java.util.ArrayList categories -> e
    java.util.ArrayList categoryImgs -> f
    android.widget.ProgressBar progressBar -> g
    com.galeapp.backgrounds.adapter.CategoryListAdapter imageAdapter -> h
    com.galeapp.backgrounds.adapter.CategoryImgAdapter categoryImgAdapter -> i
    android.view.View categroyView -> j
    android.view.View subCategoryView -> k
    android.widget.TextView countView -> l
    int categoryId -> m
    com.galeapp.backgrounds.model.Category category -> n
    android.widget.GridView gridView -> r
    android.os.Handler myHandler -> s
    android.os.Handler mySubHandler -> t
    boolean first -> o
    android.widget.Button backBtn -> p
    void onCreate(android.os.Bundle) -> onCreate
    void loadJsonData() -> a
    void analyzeJsonData() -> d
    java.lang.String getJsonData() -> e
    void setupViews() -> f
    void loadSubJsonData() -> b
    java.lang.String getSubJsonData(int) -> b
    void setupSubViews() -> g
    void releaseBitmap(int) -> a
    void freeBitmapFromIndex(int) -> c
    void analyzeSubJsonData() -> h
    boolean onKeyDown(int,android.view.KeyEvent) -> onKeyDown
    void onResume() -> onResume
    void onPause() -> onPause
    void setBackBtn() -> c
com.galeapp.backgrounds.activity.CategoryActivity$1 -> com.galeapp.backgrounds.activity.a:
    com.galeapp.backgrounds.activity.CategoryActivity this$0 -> a
    void run() -> run
com.galeapp.backgrounds.activity.CategoryActivity$2 -> com.galeapp.backgrounds.activity.b:
    com.galeapp.backgrounds.activity.CategoryActivity this$0 -> a
    void onItemClick(android.widget.AdapterView,android.view.View,int,long) -> onItemClick
com.galeapp.backgrounds.activity.CategoryActivity$3 -> com.galeapp.backgrounds.activity.c:
    com.galeapp.backgrounds.activity.CategoryActivity this$0 -> a
    void run() -> run
com.galeapp.backgrounds.activity.CategoryActivity$4 -> com.galeapp.backgrounds.activity.d:
    com.galeapp.backgrounds.activity.CategoryActivity this$0 -> a
    void onItemClick(android.widget.AdapterView,android.view.View,int,long) -> onItemClick
...
com.umeng.fb.UMFeedbackService -> com.umeng.fb.b:
    com.umeng.fb.NotificationType a -> b
    android.content.Context b -> c
    boolean c -> d
    com.umeng.fb.util.FeedBackListener fbListener -> a
    void b(java.lang.String) -> b
    boolean getHasCheckedReply() -> a
    void openUmengFeedbackSDK(android.content.Context) -> a
    void enableNewReplyNotification(android.content.Context,com.umeng.fb.NotificationType) -> a
    android.content.Context a() -> b
    void a(java.lang.String) -> a
com.umeng.fb.a -> com.umeng.fb.c:
    java.lang.String a -> a
    java.lang.String b -> b
    java.lang.String c -> c
    java.util.Date e -> d
    com.umeng.fb.a$b f -> e
    com.umeng.fb.a$a g -> f
    org.json.JSONObject h -> g
    int a(com.umeng.fb.a) -> a
    java.lang.String a() -> a
    int compareTo(java.lang.Object) -> compareTo
com.umeng.fb.a$a -> com.umeng.fb.d:
    com.umeng.fb.a$a a -> a
    com.umeng.fb.a$a b -> b
    com.umeng.fb.a$a c -> c
    com.umeng.fb.a$a d -> d
    com.umeng.fb.a$a[] e -> e
    com.umeng.fb.a$a[] values() -> values
    com.umeng.fb.a$a valueOf(java.lang.String) -> valueOf
com.umeng.fb.a$b -> com.umeng.fb.e:
    com.umeng.fb.a$b a -> a
    com.umeng.fb.a$b b -> b
    com.umeng.fb.a$b c -> c
    com.umeng.fb.a$b[] d -> d
    com.umeng.fb.a$b[] values() -> values
    com.umeng.fb.a$b valueOf(java.lang.String) -> valueOf
com.umeng.fb.a.a -> com.umeng.fb.a.a:
    java.lang.String a -> a
    com.umeng.fb.a.c a(com.umeng.fb.a.b) -> a
com.umeng.fb.a.b -> com.umeng.fb.a.b:
    java.lang.String d -> d
    org.json.JSONObject e -> e
    java.lang.String f -> f
com.umeng.fb.a.c -> com.umeng.fb.a.c:
    org.json.JSONObject a -> a
    org.json.JSONObject a() -> a
com.umeng.fb.a.d -> com.umeng.fb.a.d:
    android.content.Context a -> a
    java.util.concurrent.ExecutorService b -> b
    void run() -> run
com.umeng.fb.a.e -> com.umeng.fb.a.e:
    java.lang.String a -> a
    android.content.Context b -> b
    java.lang.String c -> c
    java.lang.String d -> d
    java.lang.String e -> e
    int f -> f
    android.os.Handler g -> g
    void run() -> run
com.umeng.fb.a.f -> com.umeng.fb.a.f:
    java.lang.String a -> a
    org.json.JSONObject b -> b
    android.content.Context c -> c
    java.lang.Boolean a() -> a
    java.lang.Object call() -> call
com.umeng.fb.b -> com.umeng.fb.f:
    java.lang.String a -> a
    com.umeng.fb.b$a b -> b
    java.lang.String c -> c
    com.umeng.fb.a d -> d
    com.umeng.fb.a e -> e
    java.util.List f -> f
    int a(com.umeng.fb.b) -> a
    com.umeng.fb.a a(int) -> a
    void b(int) -> b
    int compareTo(java.lang.Object) -> compareTo
com.umeng.fb.b$a -> com.umeng.fb.g:
    com.umeng.fb.b$a a -> a
    com.umeng.fb.b$a b -> b
    com.umeng.fb.b$a c -> c
    com.umeng.fb.b$a d -> d
    com.umeng.fb.b$a[] e -> e
    com.umeng.fb.b$a[] values() -> values
    com.umeng.fb.b$a valueOf(java.lang.String) -> valueOf
com.umeng.fb.b.a -> com.umeng.fb.b.a:
    int a(android.content.Context) -> a
    int b(android.content.Context) -> b
com.umeng.fb.b.b -> com.umeng.fb.b.b:
    int a(android.content.Context) -> a
    int b(android.content.Context) -> b
    int c(android.content.Context) -> c
    int d(android.content.Context) -> d