proguard_logs/usage.txt
com.galeapp.backgrounds.BuildConfig
com.galeapp.backgrounds.Constants
com.galeapp.backgrounds.R:
    10:10:public R()
com.galeapp.backgrounds.R$anim
com.galeapp.backgrounds.R$array
com.galeapp.backgrounds.R$attr
com.galeapp.backgrounds.R$color
com.galeapp.backgrounds.R$dimen
com.galeapp.backgrounds.R$id
com.galeapp.backgrounds.R$layout
com.galeapp.backgrounds.R$string
com.galeapp.backgrounds.R$style
com.galeapp.backgrounds.R$styleable
com.galeapp.backgrounds.R$xml
com.galeapp.backgrounds.activity.CategoryActivity:
    public static final java.lang.String TAG
    public static final int ALL_CATEGORY_STATE
    public static final int SUB_CATEGORY_STATE
com.galeapp.backgrounds.activity.FavoriteActivity:
    public static final java.lang.String TAG
com.galeapp.backgrounds.activity.HotestActivity:
    public static final java.lang.String TAG
com.galeapp.backgrounds.activity.MyWallpaperActivity:
    public static final java.lang.String TAG
com.galeapp.backgrounds.activity.PicActivity:
    android.widget.HorizontalScrollView hsv
    android.graphics.Bitmap shareBitmap
    byte[] shareBytes
com.galeapp.backgrounds.activity.PreviewActivity:
    public static final java.lang.String TAG
    byte[] shareBytes
    android.content.SharedPreferences sharedPreferences
com.galeapp.backgrounds.activity.RecentActivity:
    public static final java.lang.String TAG
com.galeapp.backgrounds.activity.SettingActivity:
    public static final java.lang.String TAG
    android.preference.PreferenceScreen myScore
    java.lang.String appWallSwitch
    int appWallScore
    android.preference.PreferenceScreen buyScreen
    int chooseItem
com.galeapp.backgrounds.activity.SplashActivity:
    public static final java.lang.String TAG
com.galeapp.backgrounds.activity.TabMainActivity:
    public static final java.lang.String TAG
    public static final int FIRST_STATE
    public static final int SECOND_STATE
com.galeapp.backgrounds.activity.TestActivity
com.galeapp.backgrounds.activity.TestActivity$1
com.galeapp.backgrounds.activity.TestActivity$2
com.galeapp.backgrounds.activity.TestActivity$3
com.galeapp.backgrounds.activity.TestActivity$4
com.galeapp.backgrounds.activity.TestActivity$5
com.galeapp.backgrounds.activity.TopicActivity:
    public static final java.lang.String TAG
    public static final int ALL_TOPIC_STATE
    public static final int SUB_TOPIC_STATE
    public static final int BUY_TOPIC_STATE
    android.widget.ListView buyListView
    android.content.SharedPreferences sharedPreferences
com.galeapp.backgrounds.activity.WallpaperActivity:
    public static final java.lang.String TAG
com.galeapp.backgrounds.adapter.CategoryImgAdapter:
    public static final java.lang.String TAG
com.galeapp.backgrounds.adapter.CategoryImgAdapter$ViewHolder:
    private android.widget.ImageView favIV
    private android.widget.TextView numTV
com.galeapp.backgrounds.adapter.FavoriteAdapter:
    public static final java.lang.String TAG
com.galeapp.backgrounds.adapter.HotestImgAdapter:
    public static final java.lang.String TAG
com.galeapp.backgrounds.adapter.HotestImgAdapter$ViewHolder:
    private android.widget.ImageView favIV
com.galeapp.backgrounds.adapter.MyWallpaperAdapter:
    public static final java.lang.String TAG
    int layout
com.galeapp.backgrounds.adapter.MyWallpaperAdapter$ViewHolder:
    private android.widget.ImageView favIV
com.galeapp.backgrounds.adapter.RecentImgAdapter:
    public static final java.lang.String TAG
    49:49:public com.galeapp.backgrounds.model.Recent getRecent(int)
com.galeapp.backgrounds.adapter.RecentImgAdapter$ViewHolder:
    private android.widget.ImageView favIV
    private android.widget.TextView numTV
com.galeapp.backgrounds.adapter.SubTopicImgAdapter:
    public static final java.lang.String TAG
com.galeapp.backgrounds.adapter.SubTopicImgAdapter$ViewHolder:
    private android.widget.ImageView favIV
    private android.widget.TextView numTV
...
android.support.v4.app.FragmentManagerImpl:
    static final java.lang.String TAG
    static final java.lang.String TARGET_REQUEST_CODE_STATE_TAG
    static final java.lang.String TARGET_STATE_TAG
    static final java.lang.String VIEW_STATE_TAG
    static final java.lang.String USER_VISIBLE_HINT_TAG
    static final int ANIM_DUR
    public static final int ANIM_STYLE_OPEN_ENTER
    public static final int ANIM_STYLE_OPEN_EXIT
    public static final int ANIM_STYLE_CLOSE_ENTER
    public static final int ANIM_STYLE_CLOSE_EXIT
    public static final int ANIM_STYLE_FADE_ENTER
    public static final int ANIM_STYLE_FADE_EXIT
    377:417:FragmentManagerImpl()
    426:426:public android.support.v4.app.FragmentTransaction beginTransaction()
    436:441:public void popBackStack()
    452:457:public void popBackStack(java.lang.String,int)
    461:463:public boolean popBackStackImmediate(java.lang.String,int)
    468:476:public void popBackStack(int,int)
    480:485:public boolean popBackStackImmediate(int,int)
    490:490:public int getBackStackEntryCount()
    495:495:public android.support.v4.app.FragmentManager$BackStackEntry getBackStackEntryAt(int)
    500:504:public void addOnBackStackChangedListener(android.support.v4.app.FragmentManager$OnBackStackChangedListener)
    508:511:public void removeOnBackStackChangedListener(android.support.v4.app.FragmentManager$OnBackStackChangedListener)
android.support.v4.app.FragmentManagerImpl$1
android.support.v4.app.FragmentManagerImpl$2
android.support.v4.app.FragmentManagerImpl$3
android.support.v4.app.FragmentManagerImpl$4
android.support.v4.app.FragmentPagerAdapter
android.support.v4.app.FragmentStatePagerAdapter
android.support.v4.app.FragmentTransaction:
    public static final int TRANSIT_ENTER_MASK
    public static final int TRANSIT_EXIT_MASK
    public static final int TRANSIT_UNSET
    public static final int TRANSIT_NONE
    public static final int TRANSIT_FRAGMENT_OPEN
    public static final int TRANSIT_FRAGMENT_CLOSE
    public static final int TRANSIT_FRAGMENT_FADE
    public abstract android.support.v4.app.FragmentTransaction add(android.support.v4.app.Fragment,java.lang.String)
    public abstract android.support.v4.app.FragmentTransaction add(int,android.support.v4.app.Fragment)
    public abstract android.support.v4.app.FragmentTransaction add(int,android.support.v4.app.Fragment,java.lang.String)
    public abstract android.support.v4.app.FragmentTransaction replace(int,android.support.v4.app.Fragment)
    public abstract android.support.v4.app.FragmentTransaction replace(int,android.support.v4.app.Fragment,java.lang.String)
    public abstract android.support.v4.app.FragmentTransaction remove(android.support.v4.app.Fragment)
    public abstract android.support.v4.app.FragmentTransaction hide(android.support.v4.app.Fragment)
    public abstract android.support.v4.app.FragmentTransaction show(android.support.v4.app.Fragment)
    public abstract android.support.v4.app.FragmentTransaction detach(android.support.v4.app.Fragment)
    public abstract android.support.v4.app.FragmentTransaction attach(android.support.v4.app.Fragment)
    public abstract boolean isEmpty()
android.support.v4.app.ListFragment
android.support.v4.app.ListFragment$1
android.support.v4.app.ListFragment$2
android.support.v4.app.LoaderManager:
    public abstract android.support.v4.content.Loader initLoader(int,android.os.Bundle,android.support.v4.app.LoaderManager$LoaderCallbacks)
    public abstract android.support.v4.content.Loader restartLoader(int,android.os.Bundle,android.support.v4.app.LoaderManager$LoaderCallbacks)
    public abstract void destroyLoader(int)
    public abstract android.support.v4.content.Loader getLoader(int)
    public abstract void dump(java.lang.String,java.io.FileDescriptor,java.io.PrintWriter,java.lang.String[])
    177:178:public static void enableDebugLogging(boolean)